

*******************************************************************************
Wed Jan 29 22:03:57 2020


FIT:    data read from 'runtime.dat'
        format = z
        #datapoints = 17
        residuals are weighted equally (unit weight)

function used for fitting: l(x)
fitted parameters initialized with current variable values



*******************************************************************************
Wed Jan 29 22:04:51 2020


FIT:    data read from 'runtime.dat'
        format = z
        #datapoints = 17
        residuals are weighted equally (unit weight)

function used for fitting: l(x)
	l(x) = y0 + m * x
fitted parameters initialized with current variable values

iter      chisq       delta/lim  lambda   y0            m            
   0 3.7530001696e+14   0.00e+00  3.32e+06    1.000000e+00   1.000000e+00
   4 7.1722462117e+00  -2.57e-01  3.32e+02    9.999990e-01  -6.399555e-08

After 4 iterations the fit converged.
final sum of squares of residuals : 7.17225
rel. change during last iteration : -2.56839e-06

degrees of freedom    (FIT_NDF)                        : 15
rms of residuals      (FIT_STDFIT) = sqrt(WSSR/ndf)    : 0.691484
variance of residuals (reduced chisquare) = WSSR/ndf   : 0.47815

Final set of parameters            Asymptotic Standard Error
=======================            ==========================
y0              = 0.999999         +/- 0.1848       (18.48%)
m               = -6.39955e-08     +/- 3.933e-08    (61.46%)

correlation matrix of the fit parameters:
                y0     m      
y0              1.000 
m              -0.420  1.000 


*******************************************************************************
Wed Jan 29 22:08:46 2020


FIT:    data read from 'runtime.dat'
        format = z
        #datapoints = 17
        residuals are weighted equally (unit weight)

function used for fitting: f(x)
	f(x) = b + n*exp(-x/u)
fitted parameters initialized with current variable values

iter      chisq       delta/lim  lambda   b             n             u            
   0 8.7092854551e+00   0.00e+00  5.77e-01    1.000000e+00   1.000000e+00   1.000000e+00
BREAK: Singular matrix in Invert_RtR

*******************************************************************************
Wed Jan 29 22:09:06 2020


FIT:    data read from 'runtime.dat' using 2:3
        format = x:z
BREAK: No data to fit

*******************************************************************************
Wed Jan 29 22:09:17 2020


FIT:    data read from 'runtime.dat' using 2:3
        format = x:z
BREAK: No data to fit

*******************************************************************************
Wed Jan 29 22:09:42 2020


FIT:    data read from 'runtime.dat' using 2:(log($3))
        format = x:z
BREAK: No data to fit